#
# A fatal error has been detected by the Java Runtime Environment:
#
#  EXCEPTION_ACCESS_VIOLATION (0xc0000005) at pc=0x00000000685a1eeb, pid=3816, tid=0x00000000000044bc
#
# JRE version: Java(TM) SE Runtime Environment (8.0_231-b11) (build 1.8.0_231-b11)
# Java VM: Java HotSpot(TM) 64-Bit Server VM (25.231-b11 mixed mode windows-amd64 compressed oops)
# Problematic frame:
# V  [jvm.dll+0x401eeb]
#
# Failed to write core dump. Minidumps are not enabled by default on client versions of Windows
#
# If you would like to submit a bug report, please visit:
#   http://bugreport.java.com/bugreport/crash.jsp
#

---------------  T H R E A D  ---------------

Current thread (0x0000019282a3b000):  GCTaskThread [stack: 0x0000007961600000,0x0000007961700000] [id=17596]

siginfo: ExceptionCode=0xc0000005, reading address 0x0000000000000128

Registers:
RAX=0x0000000000000000, RBX=0x000000000010fde7, RCX=0x0000000100000608, RDX=0x0000019282b0c680
RSP=0x00000079616ffab0, RBP=0x00000000689c6d90, RSI=0x0000000000120000, RDI=0x000000000010fdea
R8 =0x00000000e087ef38, R9 =0x0000000100000608, R10=0x0000019282b0c680, R11=0x0000000000120000
R12=0x0000000002040000, R13=0x0000000000120000, R14=0x00000079616ffbc0, R15=0x00000079616ffb90
RIP=0x00000000685a1eeb, EFLAGS=0x0000000000010207

Top of Stack: (sp=0x00000079616ffab0)
0x00000079616ffab0:   000000000010fde4 00000000689c6d90
0x00000079616ffac0:   0000000000120000 00000000685a0348
0x00000079616ffad0:   00000000689c6d90 00000000685a3249
0x00000079616ffae0:   0000000000000000 00000000682db4f1
0x00000079616ffaf0:   0000000000000048 00007ffe00000001
0x00000079616ffb00:   000000000010fde7 0000000068598c00
0x00000079616ffb10:   0000000000000000 0000000000000000
0x00000079616ffb20:   0000000000000000 00000000683b8163
0x00000079616ffb30:   0000000000000000 0000000000000000
0x00000079616ffb40:   00000000e0000000 0000000000000012
0x00000079616ffb50:   00000192930a0000 00000000685a2deb
0x00000079616ffb60:   0000019282a3b000 0000000000000009
0x00000079616ffb70:   00000079616ffb90 0000000000120000
0x00000079616ffb80:   0000000000120000 0000000002040000
0x00000079616ffb90:   00000000687fd388 00000000689c6d90
0x00000079616ffba0:   0000019282b0c680 ffffffffffffffff 

Instructions: (pc=0x00000000685a1eeb)
0x00000000685a1ecb:   91 89 3a 00 eb 04 4c 8b 4a 08 41 81 79 08 00 00
0x00000000685a1edb:   00 c0 73 12 49 8b 01 4c 8b c2 49 8b c9 49 8b d2
0x00000000685a1eeb:   ff 90 28 01 00 00 48 83 c4 28 c3 cc cc cc cc cc
0x00000000685a1efb:   cc cc cc cc cc 48 89 5c 24 08 48 89 6c 24 10 48 


Register to memory mapping:

RAX=0x0000000000000000 is an unknown value
RBX=0x000000000010fde7 is an unknown value
RCX=0x0000000100000608 is pointing into metadata
RDX=0x0000019282b0c680 is an unknown value
RSP=0x00000079616ffab0 is an unknown value
RBP=0x00000000689c6d90 is an unknown value
RSI=0x0000000000120000 is an unknown value
RDI=0x000000000010fdea is an unknown value
R8 =0x00000000e087ef38 is an oop
[C 
 - klass: {type array char}
 - length: 7
R9 =0x0000000100000608 is pointing into metadata
R10=0x0000019282b0c680 is an unknown value
R11=0x0000000000120000 is an unknown value
R12=0x0000000002040000 is an unknown value
R13=0x0000000000120000 is an unknown value
R14=0x00000079616ffbc0 is an unknown value
R15=0x00000079616ffb90 is an unknown value


Stack: [0x0000007961600000,0x0000007961700000],  sp=0x00000079616ffab0,  free space=1022k
Native frames: (J=compiled Java code, j=interpreted, Vv=VM code, C=native code)
V  [jvm.dll+0x401eeb]
V  [jvm.dll+0x403249]
V  [jvm.dll+0x3f8c00]
V  [jvm.dll+0x402deb]
V  [jvm.dll+0x3f706e]
V  [jvm.dll+0x29fd8a]
C  [MSVCR100.dll+0x21d9f]
C  [MSVCR100.dll+0x21e3b]
C  [KERNEL32.DLL+0x17974]
C  [ntdll.dll+0x6a271]


---------------  P R O C E S S  ---------------

Java Threads: ( => current thread )
  0x0000019295819800 JavaThread "Service Thread" daemon [_thread_blocked, id=17688, stack(0x0000007962800000,0x0000007962900000)]
  0x0000019295723800 JavaThread "C1 CompilerThread11" daemon [_thread_blocked, id=10604, stack(0x0000007962700000,0x0000007962800000)]
  0x0000019295728000 JavaThread "C1 CompilerThread10" daemon [_thread_blocked, id=5680, stack(0x0000007962600000,0x0000007962700000)]
  0x0000019295725800 JavaThread "C1 CompilerThread9" daemon [_thread_blocked, id=16532, stack(0x0000007962500000,0x0000007962600000)]
  0x0000019295727000 JavaThread "C1 CompilerThread8" daemon [_thread_blocked, id=1972, stack(0x0000007962400000,0x0000007962500000)]
  0x0000019295729800 JavaThread "C2 CompilerThread7" daemon [_thread_blocked, id=9592, stack(0x0000007962300000,0x0000007962400000)]
  0x0000019295726800 JavaThread "C2 CompilerThread6" daemon [_thread_blocked, id=17888, stack(0x0000007962200000,0x0000007962300000)]
  0x0000019295722000 JavaThread "C2 CompilerThread5" daemon [_thread_blocked, id=18348, stack(0x0000007962100000,0x0000007962200000)]
  0x000001929571e800 JavaThread "C2 CompilerThread4" daemon [_thread_blocked, id=17812, stack(0x0000007962000000,0x0000007962100000)]
  0x000001929571c000 JavaThread "C2 CompilerThread3" daemon [_thread_blocked, id=17552, stack(0x0000007961f00000,0x0000007962000000)]
  0x000001929571b000 JavaThread "C2 CompilerThread2" daemon [_thread_blocked, id=1000, stack(0x0000007961e00000,0x0000007961f00000)]
  0x000001929571a800 JavaThread "C2 CompilerThread1" daemon [_thread_blocked, id=18032, stack(0x0000007961d00000,0x0000007961e00000)]
  0x0000019295717800 JavaThread "C2 CompilerThread0" daemon [_thread_blocked, id=9384, stack(0x0000007961c00000,0x0000007961d00000)]
  0x0000019293bae000 JavaThread "Attach Listener" daemon [_thread_blocked, id=6660, stack(0x0000007961b00000,0x0000007961c00000)]
  0x0000019293ba1000 JavaThread "Finalizer" daemon [_thread_blocked, id=17432, stack(0x0000007961a00000,0x0000007961b00000)]
  0x0000019295706000 JavaThread "Reference Handler" daemon [_thread_blocked, id=7912, stack(0x0000007961900000,0x0000007961a00000)]
  0x00000192811ad800 JavaThread "main" [_thread_blocked, id=17204, stack(0x000000795fc90000,0x000000795fd90000)]

Other Threads:
  0x00000192956e2800 VMThread [stack: 0x0000007961800000,0x0000007961900000] [id=15912]
  0x000001929585c800 WatcherThread [stack: 0x0000007962900000,0x0000007962a00000] [id=9316]

=>0x0000019282a3b000 (exited) GCTaskThread [stack: 0x0000007961600000,0x0000007961700000] [id=17596]

VM state:at safepoint (normal execution)

VM Mutex/Monitor currently owned by a thread:  ([mutex/lock_event])
[0x00000192811acff0] Threads_lock - owner thread: 0x00000192956e2800
[0x00000192811ad170] Heap_lock - owner thread: 0x00000192811ad800

heap address: 0x00000000e0000000, size: 512 MB, Compressed Oops mode: 32-bit
Narrow klass base: 0x0000000000000000, Narrow klass shift: 3
Compressed class space size: 1073741824 Address: 0x0000000100000000

Heap:
 PSYoungGen      total 116736K, used 1856K [0x00000000f5580000, 0x0000000100000000, 0x0000000100000000)
  eden space 58880K, 0% used [0x00000000f5580000,0x00000000f5580000,0x00000000f8f00000)
  from space 57856K, 3% used [0x00000000f8f00000,0x00000000f90d0000,0x00000000fc780000)
  to   space 57856K, 0% used [0x00000000fc780000,0x00000000fc780000,0x0000000100000000)
 ParOldGen       total 349696K, used 285656K [0x00000000e0000000, 0x00000000f5580000, 0x00000000f5580000)
  object space 349696K, 81% used [0x00000000e0000000,0x00000000f16f62e8,0x00000000f5580000)
 Metaspace       used 5633K, capacity 5774K, committed 6016K, reserved 1056768K
  class space    used 561K, capacity 573K, committed 640K, reserved 1048576K

Card table byte_map: [0x0000019291ee0000,0x0000019291ff0000] byte_map_base: 0x00000192917e0000

Marking Bits: (ParMarkBitMap*) 0x00000000689c6d90
 Begin Bits: [0x00000192920a0000, 0x00000192928a0000)
 End Bits:   [0x00000192928a0000, 0x00000192930a0000)

Polling page: 0x00000192829f0000

CodeCache: size=245760Kb used=6865Kb max_used=9249Kb free=238894Kb
 bounds [0x0000019282b20000, 0x0000019283460000, 0x0000019291b20000]
 total_blobs=1310 nmethods=1043 adapters=178
 compilation: enabled

Compilation events (10 events):
Event: 798.200 Thread 0x0000019295727000 nmethod 1512 0x000001928310e850 code [0x000001928310e9c0, 0x000001928310ec18]
Event: 798.200 Thread 0x0000019295723800 nmethod 1514 0x0000019282fc6810 code [0x0000019282fc6980, 0x0000019282fc6d10]
Event: 798.210 Thread 0x0000019295727000 1515       3       com.sun.org.apache.xerces.internal.impl.XMLDocumentFragmentScannerImpl$FragmentContentDriver::startOfMarkup (272 bytes)
Event: 798.212 Thread 0x0000019295727000 nmethod 1515 0x0000019283196c10 code [0x0000019283196f00, 0x0000019283198350]
Event: 798.218 Thread 0x0000019295728000 1516       3       java.util.HashMap::putMapEntries (154 bytes)
Event: 798.218 Thread 0x0000019295728000 nmethod 1516 0x00000192833f26d0 code [0x00000192833f2940, 0x00000192833f36b0]
Event: 800.728 Thread 0x0000019295725800 1517       3       java.util.HashMap::putAll (7 bytes)
Event: 800.728 Thread 0x0000019295725800 nmethod 1517 0x0000019283196810 code [0x0000019283196980, 0x0000019283196b90]
Event: 802.541 Thread 0x0000019295723800 1518       3       opennlp.tools.util.model.BaseModel::getArtifact (19 bytes)
Event: 802.542 Thread 0x0000019295723800 nmethod 1518 0x0000019283196350 code [0x00000192831964c0, 0x0000019283196730]

GC Heap History (10 events):
Event: 803.397 GC heap after
Heap after GC invocations=576 (full 269):
 PSYoungGen      total 116736K, used 1664K [0x00000000f5580000, 0x0000000100000000, 0x0000000100000000)
  eden space 58880K, 0% used [0x00000000f5580000,0x00000000f5580000,0x00000000f8f00000)
  from space 57856K, 2% used [0x00000000f8f00000,0x00000000f90a0000,0x00000000fc780000)
  to   space 57856K, 0% used [0x00000000fc780000,0x00000000fc780000,0x0000000100000000)
 ParOldGen       total 349696K, used 284529K [0x00000000e0000000, 0x00000000f5580000, 0x00000000f5580000)
  object space 349696K, 81% used [0x00000000e0000000,0x00000000f15dc5c0,0x00000000f5580000)
 Metaspace       used 5633K, capacity 5774K, committed 6016K, reserved 1056768K
  class space    used 561K, capacity 573K, committed 640K, reserved 1048576K
}
Event: 803.397 GC heap before
{Heap before GC invocations=577 (full 270):
 PSYoungGen      total 116736K, used 1664K [0x00000000f5580000, 0x0000000100000000, 0x0000000100000000)
  eden space 58880K, 0% used [0x00000000f5580000,0x00000000f5580000,0x00000000f8f00000)
  from space 57856K, 2% used [0x00000000f8f00000,0x00000000f90a0000,0x00000000fc780000)
  to   space 57856K, 0% used [0x00000000fc780000,0x00000000fc780000,0x0000000100000000)
 ParOldGen       total 349696K, used 284529K [0x00000000e0000000, 0x00000000f5580000, 0x00000000f5580000)
  object space 349696K, 81% used [0x00000000e0000000,0x00000000f15dc5c0,0x00000000f5580000)
 Metaspace       used 5633K, capacity 5774K, committed 6016K, reserved 1056768K
  class space    used 561K, capacity 573K, committed 640K, reserved 1048576K
Event: 803.830 GC heap after
Heap after GC invocations=577 (full 270):
 PSYoungGen      total 116736K, used 0K [0x00000000f5580000, 0x0000000100000000, 0x0000000100000000)
  eden space 58880K, 0% used [0x00000000f5580000,0x00000000f5580000,0x00000000f8f00000)
  from space 57856K, 0% used [0x00000000f8f00000,0x00000000f8f00000,0x00000000fc780000)
  to   space 57856K, 0% used [0x00000000fc780000,0x00000000fc780000,0x0000000100000000)
 ParOldGen       total 349696K, used 285036K [0x00000000e0000000, 0x00000000f5580000, 0x00000000f5580000)
  object space 349696K, 81% used [0x00000000e0000000,0x00000000f165b280,0x00000000f5580000)
 Metaspace       used 5633K, capacity 5774K, committed 6016K, reserved 1056768K
  class space    used 561K, capacity 573K, committed 640K, reserved 1048576K
}
Event: 804.039 GC heap before
{Heap before GC invocations=578 (full 270):
 PSYoungGen      total 116736K, used 58880K [0x00000000f5580000, 0x0000000100000000, 0x0000000100000000)
  eden space 58880K, 100% used [0x00000000f5580000,0x00000000f8f00000,0x00000000f8f00000)
  from space 57856K, 0% used [0x00000000f8f00000,0x00000000f8f00000,0x00000000fc780000)
  to   space 57856K, 0% used [0x00000000fc780000,0x00000000fc780000,0x0000000100000000)
 ParOldGen       total 349696K, used 285036K [0x00000000e0000000, 0x00000000f5580000, 0x00000000f5580000)
  object space 349696K, 81% used [0x00000000e0000000,0x00000000f165b280,0x00000000f5580000)
 Metaspace       used 5633K, capacity 5774K, committed 6016K, reserved 1056768K
  class space    used 561K, capacity 573K, committed 640K, reserved 1048576K
Event: 804.041 GC heap after
Heap after GC invocations=578 (full 270):
 PSYoungGen      total 116736K, used 1824K [0x00000000f5580000, 0x0000000100000000, 0x0000000100000000)
  eden space 58880K, 0% used [0x00000000f5580000,0x00000000f5580000,0x00000000f8f00000)
  from space 57856K, 3% used [0x00000000fc780000,0x00000000fc948000,0x0000000100000000)
  to   space 57856K, 0% used [0x00000000f8f00000,0x00000000f8f00000,0x00000000fc780000)
 ParOldGen       total 349696K, used 285036K [0x00000000e0000000, 0x00000000f5580000, 0x00000000f5580000)
  object space 349696K, 81% used [0x00000000e0000000,0x00000000f165b280,0x00000000f5580000)
 Metaspace       used 5633K, capacity 5774K, committed 6016K, reserved 1056768K
  class space    used 561K, capacity 573K, committed 640K, reserved 1048576K
}
Event: 804.041 GC heap before
{Heap before GC invocations=579 (full 271):
 PSYoungGen      total 116736K, used 1824K [0x00000000f5580000, 0x0000000100000000, 0x0000000100000000)
  eden space 58880K, 0% used [0x00000000f5580000,0x00000000f5580000,0x00000000f8f00000)
  from space 57856K, 3% used [0x00000000fc780000,0x00000000fc948000,0x0000000100000000)
  to   space 57856K, 0% used [0x00000000f8f00000,0x00000000f8f00000,0x00000000fc780000)
 ParOldGen       total 349696K, used 285036K [0x00000000e0000000, 0x00000000f5580000, 0x00000000f5580000)
  object space 349696K, 81% used [0x00000000e0000000,0x00000000f165b280,0x00000000f5580000)
 Metaspace       used 5633K, capacity 5774K, committed 6016K, reserved 1056768K
  class space    used 561K, capacity 573K, committed 640K, reserved 1048576K
Event: 804.485 GC heap after
Heap after GC invocations=579 (full 271):
 PSYoungGen      total 116736K, used 0K [0x00000000f5580000, 0x0000000100000000, 0x0000000100000000)
  eden space 58880K, 0% used [0x00000000f5580000,0x00000000f5580000,0x00000000f8f00000)
  from space 57856K, 0% used [0x00000000fc780000,0x00000000fc780000,0x0000000100000000)
  to   space 57856K, 0% used [0x00000000f8f00000,0x00000000f8f00000,0x00000000fc780000)
 ParOldGen       total 349696K, used 285656K [0x00000000e0000000, 0x00000000f5580000, 0x00000000f5580000)
  object space 349696K, 81% used [0x00000000e0000000,0x00000000f16f62e8,0x00000000f5580000)
 Metaspace       used 5633K, capacity 5774K, committed 6016K, reserved 1056768K
  class space    used 561K, capacity 573K, committed 640K, reserved 1048576K
}
Event: 804.656 GC heap before
{Heap before GC invocations=580 (full 271):
 PSYoungGen      total 116736K, used 58880K [0x00000000f5580000, 0x0000000100000000, 0x0000000100000000)
  eden space 58880K, 100% used [0x00000000f5580000,0x00000000f8f00000,0x00000000f8f00000)
  from space 57856K, 0% used [0x00000000fc780000,0x00000000fc780000,0x0000000100000000)
  to   space 57856K, 0% used [0x00000000f8f00000,0x00000000f8f00000,0x00000000fc780000)
 ParOldGen       total 349696K, used 285656K [0x00000000e0000000, 0x00000000f5580000, 0x00000000f5580000)
  object space 349696K, 81% used [0x00000000e0000000,0x00000000f16f62e8,0x00000000f5580000)
 Metaspace       used 5633K, capacity 5774K, committed 6016K, reserved 1056768K
  class space    used 561K, capacity 573K, committed 640K, reserved 1048576K
Event: 804.658 GC heap after
Heap after GC invocations=580 (full 271):
 PSYoungGen      total 116736K, used 1856K [0x00000000f5580000, 0x0000000100000000, 0x0000000100000000)
  eden space 58880K, 0% used [0x00000000f5580000,0x00000000f5580000,0x00000000f8f00000)
  from space 57856K, 3% used [0x00000000f8f00000,0x00000000f90d0000,0x00000000fc780000)
  to   space 57856K, 0% used [0x00000000fc780000,0x00000000fc780000,0x0000000100000000)
 ParOldGen       total 349696K, used 285656K [0x00000000e0000000, 0x00000000f5580000, 0x00000000f5580000)
  object space 349696K, 81% used [0x00000000e0000000,0x00000000f16f62e8,0x00000000f5580000)
 Metaspace       used 5633K, capacity 5774K, committed 6016K, reserved 1056768K
  class space    used 561K, capacity 573K, committed 640K, reserved 1048576K
}
Event: 804.658 GC heap before
{Heap before GC invocations=581 (full 272):
 PSYoungGen      total 116736K, used 1856K [0x00000000f5580000, 0x0000000100000000, 0x0000000100000000)
  eden space 58880K, 0% used [0x00000000f5580000,0x00000000f5580000,0x00000000f8f00000)
  from space 57856K, 3% used [0x00000000f8f00000,0x00000000f90d0000,0x00000000fc780000)
  to   space 57856K, 0% used [0x00000000fc780000,0x00000000fc780000,0x0000000100000000)
 ParOldGen       total 349696K, used 285656K [0x00000000e0000000, 0x00000000f5580000, 0x00000000f5580000)
  object space 349696K, 81% used [0x00000000e0000000,0x00000000f16f62e8,0x00000000f5580000)
 Metaspace       used 5633K, capacity 5774K, committed 6016K, reserved 1056768K
  class space    used 561K, capacity 573K, committed 640K, reserved 1048576K

Deoptimization events (10 events):
Event: 739.770 Thread 0x00000192811ad800 Uncommon trap: reason=unstable_if action=reinterpret pc=0x00000192833f252c method=java.lang.ref.SoftReference.get()Ljava/lang/Object; @ 6
Event: 739.771 Thread 0x00000192811ad800 Uncommon trap: reason=unstable_if action=reinterpret pc=0x0000019283112114 method=java.lang.ref.SoftReference.get()Ljava/lang/Object; @ 6
Event: 739.772 Thread 0x00000192811ad800 Uncommon trap: reason=unstable_if action=reinterpret pc=0x0000019282e12ff8 method=java.lang.Class.privateGetPublicMethods()[Ljava/lang/reflect/Method; @ 18
Event: 739.772 Thread 0x00000192811ad800 Uncommon trap: reason=unstable_if action=reinterpret pc=0x00000192832828cc method=java.lang.Class.privateGetDeclaredMethods(Z)[Ljava/lang/reflect/Method; @ 29
Event: 739.828 Thread 0x00000192811ad800 Uncommon trap: reason=unstable_if action=reinterpret pc=0x0000019282eb5e28 method=java.lang.ref.SoftReference.get()Ljava/lang/Object; @ 6
Event: 739.828 Thread 0x00000192811ad800 Uncommon trap: reason=unstable_if action=reinterpret pc=0x000001928334bab0 method=java.lang.Class.privateGetPublicMethods()[Ljava/lang/reflect/Method; @ 18
Event: 745.222 Thread 0x00000192811ad800 Uncommon trap: reason=bimorphic action=maybe_recompile pc=0x0000019282e667c0 method=sun.reflect.DelegatingMethodAccessorImpl.invoke(Ljava/lang/Object;[Ljava/lang/Object;)Ljava/lang/Object; @ 6
Event: 747.041 Thread 0x00000192811ad800 Uncommon trap: reason=bimorphic action=maybe_recompile pc=0x0000019282e667c0 method=sun.reflect.DelegatingMethodAccessorImpl.invoke(Ljava/lang/Object;[Ljava/lang/Object;)Ljava/lang/Object; @ 6
Event: 747.042 Thread 0x00000192811ad800 Uncommon trap: reason=bimorphic action=maybe_recompile pc=0x0000019282e667c0 method=sun.reflect.DelegatingMethodAccessorImpl.invoke(Ljava/lang/Object;[Ljava/lang/Object;)Ljava/lang/Object; @ 6
Event: 747.065 Thread 0x00000192811ad800 Uncommon trap: reason=bimorphic action=maybe_recompile pc=0x0000019282e667c0 method=sun.reflect.DelegatingMethodAccessorImpl.invoke(Ljava/lang/Object;[Ljava/lang/Object;)Ljava/lang/Object; @ 6

Classes redefined (0 events):
No events

Internal exceptions (10 events):
Event: 739.770 Thread 0x00000192811ad800 Implicit null exception at 0x00000192833f2474 to 0x00000192833f2515
Event: 739.771 Thread 0x00000192811ad800 Implicit null exception at 0x0000019283111ae4 to 0x0000019283112101
Event: 739.772 Thread 0x00000192811ad800 Implicit null exception at 0x0000019282e129ef to 0x0000019282e12fe5
Event: 739.828 Thread 0x00000192811ad800 Implicit null exception at 0x0000019282eb57e2 to 0x0000019282eb5e15
Event: 739.828 Thread 0x00000192811ad800 Implicit null exception at 0x000001928334b4a0 to 0x000001928334ba9d
Event: 753.323 Thread 0x00000192811ad800 Exception <a 'java/lang/NoSuchMethodError': create> (0x00000000f569c570) thrown at [C:\re\workspace\8-2-build-windows-amd64-cygwin\jdk8u231\13620\hotspot\src\share\vm\prims\jni.cpp, line 1614]
Event: 765.541 Thread 0x00000192811ad800 Exception <a 'java/lang/NoSuchMethodError': create> (0x00000000f74657c0) thrown at [C:\re\workspace\8-2-build-windows-amd64-cygwin\jdk8u231\13620\hotspot\src\share\vm\prims\jni.cpp, line 1614]
Event: 775.398 Thread 0x00000192811ad800 Exception <a 'java/lang/NoSuchMethodError': create> (0x00000000f70572f0) thrown at [C:\re\workspace\8-2-build-windows-amd64-cygwin\jdk8u231\13620\hotspot\src\share\vm\prims\jni.cpp, line 1614]
Event: 790.549 Thread 0x00000192811ad800 Exception <a 'java/lang/NoSuchMethodError': create> (0x00000000f6af4940) thrown at [C:\re\workspace\8-2-build-windows-amd64-cygwin\jdk8u231\13620\hotspot\src\share\vm\prims\jni.cpp, line 1614]
Event: 802.541 Thread 0x00000192811ad800 Exception <a 'java/lang/NoSuchMethodError': create> (0x00000000f74eb588) thrown at [C:\re\workspace\8-2-build-windows-amd64-cygwin\jdk8u231\13620\hotspot\src\share\vm\prims\jni.cpp, line 1614]

Events (10 events):
Event: 803.229 Executing VM operation: RevokeBias done
Event: 803.229 Executing VM operation: RevokeBias
Event: 803.229 Executing VM operation: RevokeBias done
Event: 803.229 Executing VM operation: RevokeBias
Event: 803.229 Executing VM operation: RevokeBias done
Event: 803.395 Executing VM operation: ParallelGCFailedAllocation
Event: 803.830 Executing VM operation: ParallelGCFailedAllocation done
Event: 804.039 Executing VM operation: ParallelGCFailedAllocation
Event: 804.485 Executing VM operation: ParallelGCFailedAllocation done
Event: 804.656 Executing VM operation: ParallelGCFailedAllocation


Dynamic libraries:
0x00007ff607200000 - 0x00007ff6075d8000 	C:\Users\Angel\.PyCharm2019.3\config\plugins\rplugin\R-3.6\rwrapper-x64-windows.exe
0x00007ffe16a90000 - 0x00007ffe16c7d000 	C:\WINDOWS\SYSTEM32\ntdll.dll
0x00007ffe149a0000 - 0x00007ffe14a53000 	C:\WINDOWS\System32\KERNEL32.DLL
0x00007ffe137d0000 - 0x00007ffe13a63000 	C:\WINDOWS\System32\KERNELBASE.dll
0x00007ffe14190000 - 0x00007ffe141fd000 	C:\WINDOWS\System32\WS2_32.dll
0x00007ffe16780000 - 0x00007ffe168a2000 	C:\WINDOWS\System32\RPCRT4.dll
0x00007ffe14740000 - 0x00007ffe147e3000 	C:\WINDOWS\System32\ADVAPI32.dll
0x00007ffe166d0000 - 0x00007ffe1676e000 	C:\WINDOWS\System32\msvcrt.dll
0x00007ffe168b0000 - 0x00007ffe1694e000 	C:\WINDOWS\System32\sechost.dll
0x000000006c700000 - 0x000000006e5a5000 	C:\Users\Angel\Desktop\R\R-3.6.2\bin\x64\R.dll
0x0000000063540000 - 0x00000000635a1000 	C:\Users\Angel\Desktop\R\R-3.6.2\bin\x64\Rgraphapp.dll
0x00007ffe15130000 - 0x00007ffe16624000 	C:\WINDOWS\System32\SHELL32.dll
0x00007ffe14560000 - 0x00007ffe14687000 	C:\WINDOWS\System32\comdlg32.dll
0x00007ffe12cb0000 - 0x00007ffe12cfa000 	C:\WINDOWS\System32\cfgmgr32.dll
0x0000000064e80000 - 0x0000000064ed2000 	C:\Users\Angel\Desktop\R\R-3.6.2\bin\x64\Rblas.dll
0x00007ffe14c30000 - 0x00007ffe14f5c000 	C:\WINDOWS\System32\combase.dll
0x00007ffe12bb0000 - 0x00007ffe12caa000 	C:\WINDOWS\System32\ucrtbase.dll
0x00007ffe12ed0000 - 0x00007ffe12f4e000 	C:\WINDOWS\System32\bcryptPrimitives.dll
0x00007ffe14690000 - 0x00007ffe14738000 	C:\WINDOWS\System32\shcore.dll
0x00007ffe069d0000 - 0x00007ffe06a79000 	C:\WINDOWS\WinSxS\amd64_microsoft.windows.common-controls_6595b64144ccf1df_5.82.17763.864_none_10e4f916642dbda1\COMCTL32.dll
0x00007ffe14200000 - 0x00007ffe14397000 	C:\WINDOWS\System32\USER32.dll
0x00007ffe13080000 - 0x00007ffe137cd000 	C:\WINDOWS\System32\windows.storage.dll
0x00007ffe16630000 - 0x00007ffe16659000 	C:\WINDOWS\System32\GDI32.dll
0x00007ffe13a70000 - 0x00007ffe13a90000 	C:\WINDOWS\System32\win32u.dll
0x00007ffe13a90000 - 0x00007ffe13b30000 	C:\WINDOWS\System32\msvcp_win.dll
0x00007ffe12d30000 - 0x00007ffe12ec9000 	C:\WINDOWS\System32\gdi32full.dll
0x00007ffe16660000 - 0x00007ffe166b2000 	C:\WINDOWS\System32\SHLWAPI.dll
0x00007ffe12ae0000 - 0x00007ffe12b04000 	C:\WINDOWS\System32\profapi.dll
0x00007ffe12b30000 - 0x00007ffe12b8d000 	C:\WINDOWS\System32\powrprof.dll
0x00007ffe14530000 - 0x00007ffe1455e000 	C:\WINDOWS\System32\IMM32.dll
0x00007ffe12b10000 - 0x00007ffe12b21000 	C:\WINDOWS\System32\kernel.appcore.dll
0x00007ffe12520000 - 0x00007ffe1252c000 	C:\WINDOWS\SYSTEM32\CRYPTBASE.DLL
0x00007ffe13060000 - 0x00007ffe13077000 	C:\WINDOWS\System32\cryptsp.dll
0x00007ffe08210000 - 0x00007ffe08217000 	C:\WINDOWS\SYSTEM32\MSIMG32.dll
0x00007ffe0cf80000 - 0x00007ffe0cf8a000 	C:\WINDOWS\SYSTEM32\VERSION.dll
0x00007ffe0e1e0000 - 0x00007ffe0e204000 	C:\WINDOWS\SYSTEM32\WINMM.dll
0x00000000641c0000 - 0x00000000641d6000 	C:\Users\Angel\Desktop\R\R-3.6.2\bin\x64\Riconv.dll
0x00007ffe0e190000 - 0x00007ffe0e1bd000 	C:\WINDOWS\SYSTEM32\WINMMBASE.dll
0x00007ffe10e60000 - 0x00007ffe10efc000 	C:\WINDOWS\system32\uxtheme.dll
0x00007ffe14fd0000 - 0x00007ffe15125000 	C:\WINDOWS\System32\ole32.dll
0x00007ffe14a60000 - 0x00007ffe14b24000 	C:\WINDOWS\System32\OLEAUT32.dll
0x00007ffe16950000 - 0x00007ffe169f2000 	C:\WINDOWS\System32\clbcatq.dll
0x00007ffe0f320000 - 0x00007ffe0f4c9000 	C:\WINDOWS\SYSTEM32\PROPSYS.dll
0x0000000064a40000 - 0x0000000064a54000 	C:\Users\Angel\Desktop\R\R-3.6.2\library\methods\libs\x64\methods.dll
0x000000006e5c0000 - 0x000000006e5ed000 	C:\Users\Angel\Desktop\R\R-3.6.2\library\utils\libs\x64\utils.dll
0x000000006fc80000 - 0x000000006fdaa000 	C:\Users\Angel\Desktop\R\R-3.6.2\library\grDevices\libs\x64\grDevices.dll
0x0000000063740000 - 0x0000000063792000 	C:\Users\Angel\Desktop\R\R-3.6.2\library\graphics\libs\x64\graphics.dll
0x0000000071100000 - 0x00000000711a9000 	C:\Users\Angel\Desktop\R\R-3.6.2\library\stats\libs\x64\stats.dll
0x0000000000b70000 - 0x0000000000e32000 	C:\Users\Angel\Desktop\R\R-3.6.2\bin\x64\Rlapack.dll
0x00007ffe12350000 - 0x00007ffe123b7000 	C:\WINDOWS\system32\mswsock.dll
0x00007ffe12070000 - 0x00007ffe120ad000 	C:\WINDOWS\SYSTEM32\iphlpapi.dll
0x00007ffe129e0000 - 0x00007ffe12a0f000 	C:\WINDOWS\SYSTEM32\SspiCli.dll
0x0000000000e40000 - 0x0000000000e60000 	C:\Users\Angel\Desktop\R\R-3.6.2\library\tools\libs\x64\tools.dll
0x0000000064080000 - 0x0000000064096000 	D:\angel\Documents\R\win-library\3.6\rJava\libs\x64\rJava.dll
0x00000000681a0000 - 0x0000000068a46000 	C:\Program Files\Java\jdk1.8.0_231\jre\bin\server\jvm.dll
0x00007ffe16770000 - 0x00007ffe16778000 	C:\WINDOWS\System32\PSAPI.DLL
0x00000000680c0000 - 0x0000000068192000 	C:\WINDOWS\SYSTEM32\MSVCR100.dll
0x00007ffddc4a0000 - 0x00007ffddc4a9000 	C:\WINDOWS\SYSTEM32\WSOCK32.dll
0x00007ffe0f970000 - 0x00007ffe0f97f000 	C:\Program Files\Java\jdk1.8.0_231\jre\bin\verify.dll
0x00007ffdfc200000 - 0x00007ffdfc229000 	C:\Program Files\Java\jdk1.8.0_231\jre\bin\java.dll
0x00007ffe00f10000 - 0x00007ffe00f26000 	C:\Program Files\Java\jdk1.8.0_231\jre\bin\zip.dll
0x000000006abc0000 - 0x000000006acc6000 	D:\angel\Documents\R\win-library\3.6\Rcpp\libs\x64\Rcpp.dll
0x0000000062a80000 - 0x0000000062a8e000 	C:\Users\Angel\Desktop\R\R-3.6.2\library\parallel\libs\x64\parallel.dll
0x0000000000e60000 - 0x0000000000e73000 	D:\angel\Documents\R\win-library\3.6\slam\libs\x64\slam.dll
0x0000000069d00000 - 0x000000006a013000 	D:\angel\Documents\R\win-library\3.6\xml2\libs\x64\xml2.dll
0x0000000061f80000 - 0x0000000062048000 	D:\angel\Documents\R\win-library\3.6\tm\libs\x64\tm.dll
0x0000000000e80000 - 0x0000000000ea5000 	D:\angel\Documents\R\win-library\3.6\rlang\libs\x64\rlang.dll
0x0000000063400000 - 0x000000006340e000 	D:\angel\Documents\R\win-library\3.6\glue\libs\x64\glue.dll
0x0000000061c00000 - 0x0000000061c0e000 	D:\angel\Documents\R\win-library\3.6\tibble\libs\x64\tibble.dll
0x0000000065b40000 - 0x0000000065b53000 	D:\angel\Documents\R\win-library\3.6\purrr\libs\x64\purrr.dll
0x0000000000eb0000 - 0x0000000000f72000 	D:\angel\Documents\R\win-library\3.6\tidyselect\libs\x64\tidyselect.dll
0x0000000000f80000 - 0x00000000011ec000 	D:\angel\Documents\R\win-library\3.6\dplyr\libs\x64\dplyr.dll
0x000000006bd40000 - 0x000000006c1eb000 	D:\angel\Documents\R\win-library\3.6\stringi\libs\x64\stringi.dll
0x000000006ea80000 - 0x000000006eaaa000 	C:\Users\Angel\Desktop\R\R-3.6.2\library\grid\libs\x64\grid.dll
0x00000000657c0000 - 0x00000000657d7000 	D:\angel\Documents\R\win-library\3.6\colorspace\libs\x64\colorspace.dll
0x00000000629c0000 - 0x00000000629ce000 	D:\angel\Documents\R\win-library\3.6\lazyeval\libs\x64\lazyeval.dll
0x00007ffe0b7f0000 - 0x00007ffe0b9dd000 	C:\WINDOWS\SYSTEM32\dbghelp.dll

VM Arguments:
jvm_args: -Dr.arch=/x64 -Xmx512m -Xrs 
java_command: <unknown>
java_class_path (initial): D:/angel/Documents/R/win-library/3.6/rJava/java/boot
Launcher Type: generic

Environment Variables:
JAVA_HOME=C:\Program Files\Java\jdk1.8.0_231\jre
PATH=C:\Users\Angel\Desktop\R\R-3.6.2\bin\x64;;C:\Windows\system32;C:\Windows;C:\Windows\System32\Wbem;C:\Windows\System32\WindowsPowerShell\v1.0\;C:\Program Files (x86)\NVIDIA Corporation\PhysX\Common;C:\Program Files\dotnet\;C:\WINDOWS\system32;C:\WINDOWS;C:\WINDOWS\System32\Wbem;C:\WINDOWS\System32\WindowsPowerShell\v1.0\;C:\WINDOWS\System32\OpenSSH\;C:\Users\Angel\AppData\Local\Microsoft\WindowsApps;C:\Users\Angel\AppData\Local\Programs\Microsoft VS Code\bin;C:\Users\Angel\AppData\Local\GitHubDesktop\bin
USERNAME=Angel
OS=Windows_NT
PROCESSOR_IDENTIFIER=AMD64 Family 23 Model 1 Stepping 1, AuthenticAMD



---------------  S Y S T E M  ---------------

OS: Windows 10.0 , 64 bit Build 17763 (10.0.17763.475)

CPU:total 16 (initial active 16) (16 cores per cpu, 1 threads per core) family 23 model 1 stepping 1, cmov, cx8, fxsr, mmx, sse, sse2, sse3, ssse3, sse4.1, sse4.2, popcnt, avx, avx2, aes, clmul, mmxext, 3dnowpref, lzcnt, sse4a, tsc, tscinvbit, tscinv, bmi1

Memory: 4k page, physical 16707604k(7503724k free), swap 19197972k(5508032k free)

vm_info: Java HotSpot(TM) 64-Bit Server VM (25.231-b11) for windows-amd64 JRE (1.8.0_231-b11), built on Oct  5 2019 03:11:30 by "java_re" with MS VC++ 10.0 (VS2010)

time: Sun Dec 29 20:20:22 2019
timezone: Hora estándar GMT
elapsed time: 805 seconds (0d 0h 13m 25s)

